Base path: C:/Program Files (x86)/Unity/Editor/Data
Pipe name: \\.\pipe\UnityShaderCompiler-1-12216
Cmd: getPlatforms
Cmd: preprocess
  insize=1072 outsize=260 ok=1
Cmd: compileSnippet
  api=4 type=0 insize=1118 outsize=1493 kw=LIGHTMAP_OFF ok=1
Cmd: compileSnippet
  api=4 type=1 insize=1118 outsize=746 kw=LIGHTMAP_OFF ok=1
Cmd: preprocess
  insize=4462 outsize=1030 ok=1
Cmd: compileSnippet
  api=4 type=0 insize=2756 outsize=5702 kw= ok=1
Cmd: compileSnippet
  api=4 type=1 insize=2756 outsize=2355 kw= ok=1
Cmd: compileSnippet
  api=4 type=0 insize=2408 outsize=4199 kw= ok=1
Cmd: compileSnippet
  api=4 type=1 insize=2408 outsize=1298 kw= ok=1
Cmd: preprocess
  insize=3165 outsize=779 ok=1
Cmd: compileSnippet
  api=4 type=0 insize=2001 outsize=4102 kw= ok=1
Cmd: compileSnippet
  api=4 type=1 insize=2001 outsize=2737 kw= ok=1
Cmd: compileSnippet
  api=4 type=0 insize=1528 outsize=1883 kw= ok=1
Cmd: compileSnippet
  api=4 type=1 insize=1528 outsize=1323 kw= ok=1
Cmd: preprocess
  insize=791 outsize=381 ok=1
Cmd: compileSnippet
  api=4 type=0 insize=715 outsize=1225 kw= ok=1
Cmd: compileSnippet
  api=4 type=1 insize=715 outsize=600 kw= ok=1
Cmd: preprocess
  insize=4282 outsize=954 ok=1
Cmd: compileSnippet
  api=4 type=0 insize=2697 outsize=5702 kw= ok=1
Cmd: compileSnippet
  api=4 type=1 insize=2697 outsize=2493 kw= ok=1
Cmd: compileSnippet
  api=4 type=0 insize=2323 outsize=2330 kw= ok=1
Cmd: compileSnippet
  api=4 type=1 insize=2323 outsize=1396 kw= ok=1
Cmd: preprocess
  insize=969 outsize=479 ok=1
Cmd: compileSnippet
  api=4 type=0 insize=795 outsize=1307 kw= ok=1
Cmd: compileSnippet
  api=4 type=1 insize=795 outsize=713 kw= ok=1
Cmd: preprocess
  insize=1006 outsize=447 ok=1
Cmd: compileSnippet
  api=4 type=0 insize=864 outsize=1477 kw= ok=1
Cmd: compileSnippet
  api=4 type=1 insize=864 outsize=754 kw= ok=1
Cmd: preprocess
  insize=3077 outsize=782 ok=1
Cmd: compileSnippet
  api=4 type=0 insize=1846 outsize=3744 kw= ok=1
Cmd: compileSnippet
  api=4 type=1 insize=1846 outsize=2696 kw= ok=1
Cmd: compileSnippet
  api=4 type=0 insize=1551 outsize=2095 kw=LIGHTMAP_OFF ok=1
Cmd: compileSnippet
  api=4 type=1 insize=1551 outsize=941 kw=LIGHTMAP_OFF ok=1
Cmd: preprocess
  insize=844 outsize=358 ok=1
Cmd: compileSnippet
  api=4 type=0 insize=788 outsize=1136 kw= ok=1
Cmd: compileSnippet
  api=4 type=1 insize=788 outsize=770 kw= ok=1
Cmd: preprocess
  insize=996 outsize=437 ok=1
Cmd: preprocess
  insize=976 outsize=457 ok=1
Cmd: compileSnippet
  api=4 type=0 insize=824 outsize=1428 kw= ok=1
Cmd: compileSnippet
  api=4 type=1 insize=824 outsize=754 kw= ok=1
Cmd: preprocess
  insize=1042 outsize=433 ok=1
Cmd: compileSnippet
  api=4 type=0 insize=914 outsize=1396 kw= ok=1
Cmd: compileSnippet
  api=4 type=1 insize=914 outsize=803 kw= ok=1
Cmd: preprocess
  insize=865 outsize=409 ok=1
Cmd: compileSnippet
  api=4 type=0 insize=761 outsize=1307 kw= ok=1
Cmd: compileSnippet
  api=4 type=1 insize=761 outsize=600 kw= ok=1
Cmd: preprocess
  insize=1072 outsize=260 ok=1
Cmd: preprocess
  insize=4462 outsize=1030 ok=1
Cmd: preprocess
  insize=3165 outsize=779 ok=1
Cmd: preprocess
  insize=4282 outsize=954 ok=1
Cmd: preprocess
  insize=3077 outsize=782 ok=1
Cmd: preprocess
  insize=844 outsize=358 ok=1
Cmd: preprocess
  insize=1072 outsize=260 ok=1
Cmd: preprocess
  insize=4462 outsize=1030 ok=1
Cmd: preprocess
  insize=3165 outsize=779 ok=1
Cmd: preprocess
  insize=791 outsize=381 ok=1
Cmd: preprocess
  insize=4282 outsize=954 ok=1
Cmd: preprocess
  insize=969 outsize=479 ok=1
Cmd: preprocess
  insize=1006 outsize=447 ok=1
Cmd: preprocess
  insize=3077 outsize=782 ok=1
Cmd: preprocess
  insize=844 outsize=358 ok=1
Cmd: preprocess
  insize=996 outsize=437 ok=1
Cmd: preprocess
  insize=976 outsize=457 ok=1
Cmd: preprocess
  insize=1042 outsize=433 ok=1
Cmd: preprocess
  insize=865 outsize=409 ok=1
